2025-07-03 20:27:04,603 - INFO - DB engine created successfully
2025-07-03 20:27:04,603 - INFO - === OPTIMIZED DATA UPLOAD WORKFLOW STARTED ===
2025-07-03 20:27:19,180 - INFO - Loaded Excel: 99756 rows, 17 columns
2025-07-03 20:27:19,180 - INFO - Excel columns: ['Name', 'Server', 'Storage', 'Job Type', 'Job Status', 'Percent Complete', 'Start Time', 'End Time', 'Elapsed Time', 'Byte Count', 'Job Rate', 'Error Code', 'Deduplication Ratio', 'Selections', 'Backup Method', 'Calculate Elapsed Time', 'System']
2025-07-03 20:27:19,181 - INFO - Starting comprehensive data cleaning and transformation
2025-07-03 20:27:19,182 - INFO - Cleaning NaN values across all columns...
2025-07-03 20:27:25,296 - INFO - Total NaN representations cleaned: 0
2025-07-03 20:27:25,299 - INFO - System column value counts before filtering: {'Old': 85055, 'New': 14701}
2025-07-03 20:27:25,398 - INFO - System filtering: Kept 14701 rows, dropped 85055 rows
2025-07-03 20:27:25,591 - INFO - SQL table columns: ['Name', 'Server', 'Storage', 'Job Type', 'Job Status', 'Percent Complete', 'Start Time', 'End Time', 'Elapsed Time', 'Byte Count', 'Job Rate', 'Error Code', 'Deduplication Ratio', 'Selections', 'Backup Method', 'Calculate Elapsed Time', 'System', 'ElapsedTimeSeconds', 'ByteCountBytes', 'JobRateBytesPerSec', 'CalculatedElapsedTimeSeconds']
2025-07-03 20:27:25,601 - INFO - Validated columns: 17 columns retained
2025-07-03 20:27:25,601 - INFO - Transforming data types based on SQL schema...
2025-07-03 20:27:25,601 - INFO - Processing column Name (SQL type: nvarchar)
2025-07-03 20:27:25,612 - INFO - Processing column Server (SQL type: nvarchar)
2025-07-03 20:27:25,624 - INFO - Processing column Storage (SQL type: nvarchar)
2025-07-03 20:27:25,641 - INFO - Processing column Job Type (SQL type: nvarchar)
2025-07-03 20:27:25,651 - INFO - Processing column Job Status (SQL type: nvarchar)
2025-07-03 20:27:25,665 - INFO - Processing column Percent Complete (SQL type: float)
2025-07-03 20:27:25,666 - INFO - Processing column Start Time (SQL type: datetime)
2025-07-03 20:27:25,674 - INFO - Processing column End Time (SQL type: datetime)
2025-07-03 20:27:25,680 - INFO - Processing column Elapsed Time (SQL type: nvarchar)
2025-07-03 20:27:25,702 - INFO - Processing column Byte Count (SQL type: bigint)
2025-07-03 20:27:25,720 - INFO - Processing column Job Rate (SQL type: nvarchar)
2025-07-03 20:27:25,732 - INFO - Processing column Error Code (SQL type: nvarchar)
2025-07-03 20:27:25,743 - INFO - Processing column Deduplication Ratio (SQL type: nvarchar)
2025-07-03 20:27:25,753 - INFO - Processing column Selections (SQL type: nvarchar)
2025-07-03 20:27:25,762 - INFO - Processing column Backup Method (SQL type: varchar)
2025-07-03 20:27:25,772 - INFO - Processing column Calculate Elapsed Time (SQL type: nvarchar)
2025-07-03 20:27:25,788 - INFO - Processing column System (SQL type: nvarchar)
2025-07-03 20:27:25,799 - INFO - Data type transformation completed
2025-07-03 20:27:25,800 - INFO - Calculating derived columns...
2025-07-03 20:27:25,906 - INFO - DataFrame reordered to 21 expected columns
2025-07-03 20:27:25,929 - INFO - Final Name: 0 NULL values (0.0%)
2025-07-03 20:27:25,930 - INFO - Final Server: 0 NULL values (0.0%)
2025-07-03 20:27:25,931 - INFO - Final Storage: 100 NULL values (0.7%)
2025-07-03 20:27:25,932 - INFO - Final Job Type: 0 NULL values (0.0%)
2025-07-03 20:27:25,933 - INFO - Final Job Status: 0 NULL values (0.0%)
2025-07-03 20:27:25,934 - INFO - Final Percent Complete: 3 NULL values (0.0%)
2025-07-03 20:27:25,934 - INFO - Final Start Time: 0 NULL values (0.0%)
2025-07-03 20:27:25,935 - INFO - Final End Time: 0 NULL values (0.0%)
2025-07-03 20:27:25,936 - INFO - Final Elapsed Time: 0 NULL values (0.0%)
2025-07-03 20:27:25,937 - INFO - Final Byte Count: 14701 NULL values (100.0%)
2025-07-03 20:27:25,938 - INFO - Final Job Rate: 28 NULL values (0.2%)
2025-07-03 20:27:25,939 - INFO - Final Error Code: 14542 NULL values (98.9%)
2025-07-03 20:27:25,940 - INFO - Final Deduplication Ratio: 14386 NULL values (97.9%)
2025-07-03 20:27:25,941 - INFO - Final Selections: 11927 NULL values (81.1%)
2025-07-03 20:27:25,942 - INFO - Final Backup Method: 12250 NULL values (83.3%)
2025-07-03 20:27:25,944 - INFO - Final Calculate Elapsed Time: 0 NULL values (0.0%)
2025-07-03 20:27:25,946 - INFO - Final System: 0 NULL values (0.0%)
2025-07-03 20:27:25,946 - INFO - Final ElapsedTimeSeconds: 15 NULL values (0.1%)
2025-07-03 20:27:25,947 - INFO - Final ByteCountBytes: 14701 NULL values (100.0%)
2025-07-03 20:27:25,948 - INFO - Final JobRateBytesPerSec: 3408 NULL values (23.2%)
2025-07-03 20:27:25,948 - INFO - Final CalculatedElapsedTimeSeconds: 423 NULL values (2.9%)
2025-07-03 20:27:25,949 - INFO - Data cleaning and transformation completed
2025-07-03 20:27:30,691 - INFO - Upload cancelled by user
2025-07-03 20:27:30,693 - INFO - Database engine disposed
2025-07-03 20:27:30,693 - INFO - Database engine disposed
