2025-07-11 09:59:19,377 - INFO - DB engine created successfully
2025-07-11 09:59:19,377 - INFO - === OPTIMIZED DATA UPLOAD WORKFLOW STARTED ===
2025-07-11 09:59:45,372 - INFO - Loaded Excel: 100825 rows, 17 columns
2025-07-11 09:59:45,373 - INFO - Excel columns: ['Name', 'Server', 'Storage', 'Job Type', 'Job Status', 'Percent Complete', 'Start Time', 'End Time', 'Elapsed Time', 'Byte Count', 'Job Rate', 'Error Code', 'Deduplication Ratio', 'Selections', 'Backup Method', 'Calculate Elapsed Time', 'System']
2025-07-11 09:59:45,373 - INFO - Starting comprehensive data cleaning and transformation
2025-07-11 09:59:45,378 - INFO - Cleaning NaN values across all columns...
2025-07-11 09:59:50,545 - INFO - Total NaN representations cleaned: 0
2025-07-11 09:59:50,694 - INFO - Moved 3617 misplaced backup method values from 'Selections' to 'Backup Method'
2025-07-11 09:59:50,765 - INFO - Fixing 3462 rows with 'Partially Selected' in Deduplication Ratio
2025-07-11 09:59:50,776 - INFO - System column value counts before filtering: {'Old': 85055, 'New': 15770}
2025-07-11 09:59:50,873 - INFO - System filtering: Kept 15770 rows, dropped 85055 rows
2025-07-11 09:59:51,002 - INFO - SQL table columns: ['Name', 'Server', 'Storage', 'Job Type', 'Job Status', 'Percent Complete', 'Start Time', 'End Time', 'Elapsed Time', 'Byte Count', 'Job Rate', 'Error Code', 'Deduplication Ratio', 'Selections', 'Backup Method', 'Calculate Elapsed Time', 'System', 'ElapsedTimeSeconds', 'ByteCountBytes', 'JobRateBytesPerSec', 'CalculatedElapsedTimeSeconds']
2025-07-11 09:59:51,012 - INFO - Validated columns: 17 columns retained
2025-07-11 09:59:51,012 - INFO - Transforming data types based on SQL schema...
2025-07-11 09:59:51,012 - INFO - Processing column Name (SQL type: nvarchar)
2025-07-11 09:59:51,023 - INFO - Processing column Server (SQL type: nvarchar)
2025-07-11 09:59:51,035 - INFO - Processing column Storage (SQL type: nvarchar)
2025-07-11 09:59:51,048 - INFO - Processing column Job Type (SQL type: nvarchar)
2025-07-11 09:59:51,060 - INFO - Processing column Job Status (SQL type: nvarchar)
2025-07-11 09:59:51,071 - INFO - Processing column Percent Complete (SQL type: float)
2025-07-11 09:59:51,071 - INFO - Processing column Start Time (SQL type: datetime)
2025-07-11 09:59:51,313 - INFO - Processing column End Time (SQL type: datetime)
2025-07-11 09:59:51,549 - INFO - Processing column Elapsed Time (SQL type: nvarchar)
2025-07-11 09:59:51,567 - INFO - Processing column Byte Count (SQL type: nvarchar)
2025-07-11 09:59:51,582 - INFO - Processing column Job Rate (SQL type: nvarchar)
2025-07-11 09:59:51,597 - INFO - Processing column Error Code (SQL type: nvarchar)
2025-07-11 09:59:51,607 - INFO - Processing column Deduplication Ratio (SQL type: nvarchar)
2025-07-11 09:59:51,616 - INFO - Processing column Selections (SQL type: nvarchar)
2025-07-11 09:59:51,625 - INFO - Processing column Backup Method (SQL type: varchar)
2025-07-11 09:59:51,639 - INFO - Processing column Calculate Elapsed Time (SQL type: nvarchar)
2025-07-11 09:59:51,658 - INFO - Processing column System (SQL type: nvarchar)
2025-07-11 09:59:51,670 - INFO - Data type transformation completed
2025-07-11 09:59:51,671 - INFO - Calculating derived columns...
2025-07-11 09:59:51,823 - INFO - DataFrame reordered to 21 expected columns
2025-07-11 09:59:51,854 - INFO - Final Name: 0 NULL values (0.0%)
2025-07-11 09:59:51,857 - INFO - Final Server: 0 NULL values (0.0%)
2025-07-11 09:59:51,859 - INFO - Final Storage: 105 NULL values (0.7%)
2025-07-11 09:59:51,862 - INFO - Final Job Type: 0 NULL values (0.0%)
2025-07-11 09:59:51,864 - INFO - Final Job Status: 0 NULL values (0.0%)
2025-07-11 09:59:51,865 - INFO - Final Percent Complete: 3 NULL values (0.0%)
2025-07-11 09:59:51,866 - INFO - Final Start Time: 0 NULL values (0.0%)
2025-07-11 09:59:51,866 - INFO - Final End Time: 0 NULL values (0.0%)
2025-07-11 09:59:51,868 - INFO - Final Elapsed Time: 0 NULL values (0.0%)
2025-07-11 09:59:51,870 - INFO - Final Byte Count: 0 NULL values (0.0%)
2025-07-11 09:59:51,872 - INFO - Final Job Rate: 30 NULL values (0.2%)
2025-07-11 09:59:51,873 - INFO - Final Error Code: 15604 NULL values (98.9%)
2025-07-11 09:59:51,876 - INFO - Final Deduplication Ratio: 15770 NULL values (100.0%)
2025-07-11 09:59:51,878 - INFO - Final Selections: 12841 NULL values (81.4%)
2025-07-11 09:59:51,879 - INFO - Final Backup Method: 12849 NULL values (81.5%)
2025-07-11 09:59:51,881 - INFO - Final Calculate Elapsed Time: 0 NULL values (0.0%)
2025-07-11 09:59:51,882 - INFO - Final System: 0 NULL values (0.0%)
2025-07-11 09:59:51,883 - INFO - Final ElapsedTimeSeconds: 15 NULL values (0.1%)
2025-07-11 09:59:51,884 - INFO - Final ByteCountBytes: 36 NULL values (0.2%)
2025-07-11 09:59:51,885 - INFO - Final JobRateBytesPerSec: 3878 NULL values (24.6%)
2025-07-11 09:59:51,885 - INFO - Final CalculatedElapsedTimeSeconds: 458 NULL values (2.9%)
2025-07-11 09:59:51,886 - INFO - Data cleaning and transformation completed
2025-07-11 09:59:55,169 - INFO - Truncated table dbo.FPTCOM_Sua (had 10 rows)
2025-07-11 09:59:55,171 - INFO - Starting upload of 15770 rows to FPTCOM_Sua
2025-07-11 09:59:55,172 - INFO - Sample data being uploaded:
2025-07-11 09:59:55,174 - INFO -   Name: ['FISHCM_HO_AF-Duplicate INCREMENTAL', 'FISHCM_HO_AF-Incremental', 'FISHCM_HO_PPD_XNK-Duplicate to HUB DC_INCREMENTAL']
2025-07-11 09:59:55,175 - INFO -   Server: ['10.86.30.201', '10.86.30.201', '10.86.30.201']
2025-07-11 09:59:55,177 - INFO -   Storage: ['FISHCM_HO_FAF_SITE 2', 'FISHCM_HO_FAF_SITE 1', 'FISHCM_HO_PPD_XNK_HUB DC_Media2']
2025-07-11 09:59:55,178 - INFO -   Job Type: ['Duplicate', 'Backup', 'Duplicate']
2025-07-11 09:59:55,180 - INFO -   Job Status: ['Successful', 'Successful', 'Successful']
2025-07-11 09:59:56,221 - INFO - Successfully uploaded 15770 rows to FPTCOM_Sua
2025-07-11 09:59:56,228 - INFO - Upload verified: 15770 rows in table
2025-07-11 09:59:56,286 - INFO - Sample of uploaded data:
                                                Name        Server  ... JobRateBytesPerSec CalculatedElapsedTimeSeconds
0  FISHCM_HO_AF-Verify (Duplicate)_INCREMENTAL_To...  10.86.30.201  ...               None                          107
1       FISHCM_HO_AF-Duplicate_INCREMENTAL_TO_MEDIA2  10.86.30.201  ...               None                          622
2  FISHCM_HO_AF-Verify_INCREMENTAL (Duplicate)_To...  10.86.30.201  ...               None                          418

[3 rows x 21 columns]
2025-07-11 09:59:56,289 - INFO - === WORKFLOW COMPLETED SUCCESSFULLY ===
2025-07-11 09:59:56,290 - INFO - Database engine disposed
2025-07-11 09:59:56,291 - INFO - Database engine disposed
